TN:
SF:src/contexts/branch/useCases/createBranch.useCase.ts
FN:10,(anonymous_0)
FN:15,(anonymous_1)
FNF:2
FNH:2
FNDA:4,(anonymous_0)
FNDA:4,(anonymous_1)
DA:1,1
DA:9,1
DA:11,4
DA:12,4
DA:19,4
DA:21,4
DA:22,1
DA:25,3
DA:26,1
DA:28,2
DA:30,2
DA:31,1
DA:34,1
DA:40,1
DA:42,1
LF:15
LH:15
BRDA:21,0,0,1
BRDA:21,0,1,3
BRDA:25,1,0,1
BRDA:25,1,1,2
BRDA:30,2,0,1
BRDA:30,2,1,1
BRF:6
BRH:6
end_of_record
TN:
SF:src/contexts/branch/useCases/deleteBranch.useCase.ts
FN:8,(anonymous_0)
FN:14,(anonymous_1)
FNF:2
FNH:2
FNDA:5,(anonymous_0)
FNDA:5,(anonymous_1)
DA:7,1
DA:9,5
DA:10,5
DA:11,5
DA:18,5
DA:20,5
DA:22,4
DA:24,4
DA:25,1
DA:28,3
DA:29,3
DA:30,1
DA:33,2
DA:34,2
DA:37,1
LF:15
LH:15
BRDA:20,0,0,1
BRDA:20,0,1,4
BRDA:24,1,0,1
BRDA:24,1,1,3
BRDA:24,2,0,4
BRDA:24,2,1,4
BRDA:29,3,0,1
BRDA:29,3,1,2
BRDA:34,4,0,1
BRDA:34,4,1,1
BRF:10
BRH:10
end_of_record
TN:
SF:src/contexts/branch/useCases/getBranch.useCase.ts
FN:7,(anonymous_0)
FN:12,(anonymous_1)
FNF:2
FNH:2
FNDA:3,(anonymous_0)
FNDA:3,(anonymous_1)
DA:6,1
DA:8,3
DA:9,3
DA:17,3
DA:19,3
DA:20,1
DA:24,2
DA:26,2
DA:27,1
DA:30,1
LF:10
LH:10
BRDA:19,0,0,1
BRDA:19,0,1,2
BRDA:26,1,0,1
BRDA:26,1,1,1
BRDA:26,2,0,2
BRDA:26,2,1,2
BRF:6
BRH:6
end_of_record
TN:
SF:src/contexts/branch/useCases/getBranchesByBusinessId.useCase.ts
FN:6,(anonymous_0)
FN:11,(anonymous_1)
FN:33,(anonymous_2)
FNF:3
FNH:3
FNDA:4,(anonymous_0)
FNDA:4,(anonymous_1)
FNDA:2,(anonymous_2)
DA:5,1
DA:7,4
DA:8,4
DA:15,4
DA:18,4
DA:20,4
DA:21,1
DA:24,3
DA:25,1
DA:30,2
DA:33,2
LF:11
LH:11
BRDA:15,0,0,4
BRDA:15,0,1,3
BRDA:20,1,0,1
BRDA:20,1,1,3
BRDA:24,2,0,1
BRDA:24,2,1,2
BRF:6
BRH:6
end_of_record
TN:
SF:src/contexts/branch/useCases/updateBranch.useCase.ts
FN:15,(anonymous_0)
FN:20,(anonymous_1)
FNF:2
FNH:2
FNDA:6,(anonymous_0)
FNDA:6,(anonymous_1)
DA:12,1
DA:14,1
DA:16,6
DA:17,6
DA:26,6
DA:27,6
DA:28,1
DA:32,5
DA:35,5
DA:36,1
DA:40,4
DA:42,2
DA:43,2
DA:45,2
DA:46,1
DA:53,3
DA:54,3
DA:55,2
DA:56,3
DA:57,0
DA:58,3
DA:59,1
DA:62,3
DA:63,1
DA:73,2
DA:74,2
DA:75,1
DA:78,1
LF:28
LH:27
BRDA:27,0,0,1
BRDA:27,0,1,5
BRDA:35,1,0,1
BRDA:35,1,1,4
BRDA:35,2,0,5
BRDA:35,2,1,5
BRDA:40,3,0,2
BRDA:40,3,1,2
BRDA:40,4,0,4
BRDA:40,4,1,3
BRDA:45,5,0,1
BRDA:45,5,1,1
BRDA:54,6,0,2
BRDA:54,6,1,1
BRDA:54,7,0,3
BRDA:54,7,1,2
BRDA:56,8,0,0
BRDA:56,8,1,3
BRDA:56,9,0,3
BRDA:56,9,1,0
BRDA:58,10,0,1
BRDA:58,10,1,2
BRDA:58,11,0,3
BRDA:58,11,1,2
BRDA:62,12,0,1
BRDA:62,12,1,2
BRDA:74,13,0,1
BRDA:74,13,1,1
BRF:28
BRH:26
end_of_record
TN:
SF:src/contexts/business/useCases/deleteBusiness.useCase.ts
FN:5,(anonymous_0)
FN:7,(anonymous_1)
FNF:2
FNH:2
FNDA:4,(anonymous_0)
FNDA:4,(anonymous_1)
DA:4,1
DA:5,4
DA:12,4
DA:13,4
DA:14,1
DA:18,3
DA:19,1
DA:23,2
DA:24,2
DA:25,1
DA:29,1
LF:11
LH:11
BRDA:13,0,0,1
BRDA:13,0,1,3
BRDA:18,1,0,1
BRDA:18,1,1,2
BRDA:24,2,0,1
BRDA:24,2,1,1
BRF:6
BRH:6
end_of_record
TN:
SF:src/contexts/business/useCases/getBusiness.useCase.ts
FN:5,(anonymous_0)
FN:7,(anonymous_1)
FNF:2
FNH:2
FNDA:4,(anonymous_0)
FNDA:4,(anonymous_1)
DA:4,1
DA:5,4
DA:11,4
DA:14,4
DA:16,3
DA:19,1
DA:22,4
DA:25,3
DA:26,1
DA:29,2
LF:10
LH:10
BRDA:11,0,0,4
BRDA:11,0,1,3
BRDA:14,1,0,3
BRDA:14,1,1,1
BRDA:22,2,0,1
BRDA:22,2,1,3
BRDA:25,3,0,1
BRDA:25,3,1,2
BRF:8
BRH:8
end_of_record
TN:
SF:src/contexts/business/useCases/registerBusiness.useCase.ts
FN:9,(anonymous_0)
FN:11,(anonymous_1)
FN:34,(anonymous_2)
FNF:3
FNH:3
FNDA:2,(anonymous_0)
FNDA:2,(anonymous_1)
FNDA:1,(anonymous_2)
DA:1,1
DA:8,1
DA:9,2
DA:15,2
DA:16,2
DA:17,1
DA:19,1
DA:30,1
DA:31,1
DA:35,1
LF:10
LH:10
BRDA:16,0,0,1
BRDA:16,0,1,1
BRF:2
BRH:2
end_of_record
TN:
SF:src/contexts/business/useCases/updateBusiness.useCase.ts
FN:11,(anonymous_0)
FN:13,(anonymous_1)
FNF:2
FNH:2
FNDA:6,(anonymous_0)
FNDA:6,(anonymous_1)
DA:10,1
DA:11,6
DA:18,6
DA:19,6
DA:20,1
DA:22,5
DA:23,1
DA:26,4
DA:29,4
DA:30,2
DA:31,2
DA:32,1
DA:33,1
DA:37,3
DA:38,3
DA:39,3
DA:42,3
DA:43,3
DA:44,0
DA:47,3
DA:48,1
DA:51,2
DA:52,2
DA:54,1
LF:24
LH:23
BRDA:19,0,0,1
BRDA:19,0,1,5
BRDA:22,1,0,1
BRDA:22,1,1,4
BRDA:29,2,0,2
BRDA:29,2,1,2
BRDA:29,3,0,4
BRDA:29,3,1,2
BRDA:31,4,0,1
BRDA:31,4,1,1
BRDA:37,5,0,2
BRDA:37,5,1,1
BRDA:38,6,0,0
BRDA:38,6,1,3
BRDA:39,7,0,0
BRDA:39,7,1,3
BRDA:42,8,0,1
BRDA:42,8,1,2
BRDA:43,9,0,0
BRDA:43,9,1,3
BRDA:47,10,0,1
BRDA:47,10,1,2
BRDA:52,11,0,1
BRDA:52,11,1,1
BRF:24
BRH:21
end_of_record
TN:
SF:src/contexts/business/useCases/verifyBusiness.useCase.ts
FN:6,(anonymous_0)
FN:8,(anonymous_1)
FNF:2
FNH:2
FNDA:3,(anonymous_0)
FNDA:3,(anonymous_1)
DA:5,1
DA:6,3
DA:12,3
DA:13,3
DA:14,1
DA:17,2
DA:21,2
DA:22,1
DA:25,1
LF:9
LH:9
BRDA:13,0,0,1
BRDA:13,0,1,2
BRDA:21,1,0,1
BRDA:21,1,1,1
BRF:4
BRH:4
end_of_record
TN:
SF:src/contexts/collaborator/useCases/acceptInvitation.useCase.ts
FN:8,(anonymous_0)
FN:13,(anonymous_1)
FNF:2
FNH:2
FNDA:4,(anonymous_0)
FNDA:4,(anonymous_1)
DA:1,1
DA:4,1
DA:7,1
DA:9,4
DA:10,4
DA:15,4
DA:17,4
DA:18,1
DA:21,3
DA:22,1
DA:25,2
DA:30,2
DA:31,1
DA:34,1
DA:42,1
LF:15
LH:15
BRDA:17,0,0,1
BRDA:17,0,1,3
BRDA:21,1,0,1
BRDA:21,1,1,2
BRDA:30,2,0,1
BRDA:30,2,1,1
BRF:6
BRH:6
end_of_record
TN:
SF:src/contexts/collaborator/useCases/createCollaborator.useCase.ts
FN:15,(anonymous_0)
FN:22,(anonymous_1)
FNF:2
FNH:2
FNDA:5,(anonymous_0)
FNDA:5,(anonymous_1)
DA:1,1
DA:14,1
DA:16,5
DA:17,5
DA:18,5
DA:19,5
DA:27,5
DA:28,5
DA:29,4
DA:31,3
DA:32,3
DA:33,1
DA:37,2
DA:38,2
DA:39,1
DA:43,1
DA:46,1
DA:47,0
DA:50,1
DA:56,1
DA:58,1
DA:59,1
DA:62,1
LF:23
LH:22
BRDA:28,0,0,1
BRDA:28,0,1,4
BRDA:29,1,0,1
BRDA:29,1,1,3
BRDA:32,2,0,1
BRDA:32,2,1,2
BRDA:38,3,0,1
BRDA:38,3,1,1
BRDA:46,4,0,0
BRDA:46,4,1,1
BRDA:58,5,0,1
BRDA:58,5,1,0
BRF:12
BRH:10
end_of_record
TN:
SF:src/contexts/collaborator/useCases/deleteActiveCollaborator.useCase.ts
FN:6,(anonymous_0)
FN:11,(anonymous_1)
FNF:2
FNH:2
FNDA:3,(anonymous_0)
FNDA:4,(anonymous_1)
DA:2,1
DA:5,1
DA:7,3
DA:8,3
DA:12,4
DA:14,4
DA:15,1
DA:18,3
DA:20,2
DA:24,1
DA:25,1
DA:26,1
DA:30,1
DA:31,1
DA:32,0
LF:15
LH:14
BRDA:14,0,0,1
BRDA:14,0,1,3
BRDA:18,1,0,2
BRDA:18,1,1,1
BRDA:18,2,0,3
BRDA:18,2,1,2
BRDA:25,3,0,1
BRDA:25,3,1,0
BRDA:31,4,0,0
BRDA:31,4,1,1
BRF:10
BRH:8
end_of_record
TN:
SF:src/contexts/collaborator/useCases/deleteCollaborator.useCase.ts
FN:5,(anonymous_0)
FN:7,(anonymous_1)
FNF:2
FNH:2
FNDA:3,(anonymous_0)
FNDA:3,(anonymous_1)
DA:4,1
DA:5,3
DA:12,3
DA:14,3
DA:17,2
DA:18,1
DA:21,1
DA:23,1
LF:8
LH:8
BRDA:14,0,0,1
BRDA:14,0,1,2
BRDA:17,1,0,1
BRDA:17,1,1,1
BRF:4
BRH:4
end_of_record
TN:
SF:src/contexts/collaborator/useCases/getActiveCollaborators.useCase.ts
FN:5,(anonymous_0)
FN:7,(anonymous_1)
FN:11,(anonymous_2)
FNF:3
FNH:3
FNDA:1,(anonymous_0)
FNDA:1,(anonymous_1)
FNDA:2,(anonymous_2)
DA:4,1
DA:5,1
DA:8,1
DA:11,1
DA:12,2
DA:13,2
LF:6
LH:6
BRF:0
BRH:0
end_of_record
TN:
SF:src/contexts/collaborator/useCases/getCollaborator.useCase.ts
FN:5,(anonymous_0)
FN:7,(anonymous_1)
FNF:2
FNH:2
FNDA:3,(anonymous_0)
FNDA:3,(anonymous_1)
DA:4,1
DA:5,3
DA:12,3
DA:14,3
DA:15,1
DA:19,2
DA:20,1
DA:23,1
LF:8
LH:8
BRDA:14,0,0,1
BRDA:14,0,1,2
BRDA:19,1,0,1
BRDA:19,1,1,1
BRF:4
BRH:4
end_of_record
TN:
SF:src/contexts/collaborator/useCases/getCollaboratorsByUserId.useCase.ts
FN:5,(anonymous_0)
FN:7,(anonymous_1)
FN:15,(anonymous_2)
FN:18,(anonymous_3)
FNF:4
FNH:4
FNDA:1,(anonymous_0)
FNDA:1,(anonymous_1)
FNDA:3,(anonymous_2)
FNDA:2,(anonymous_3)
DA:4,1
DA:5,1
DA:10,1
DA:15,3
DA:18,2
LF:5
LH:5
BRDA:15,0,0,3
BRDA:15,0,1,2
BRF:2
BRH:2
end_of_record
TN:
SF:src/contexts/collaborator/useCases/rejectInvitation.useCase.ts
FN:8,(anonymous_0)
FN:13,(anonymous_1)
FNF:2
FNH:2
FNDA:2,(anonymous_0)
FNDA:2,(anonymous_1)
DA:1,1
DA:5,1
DA:7,1
DA:9,2
DA:10,2
DA:15,2
DA:17,2
DA:19,2
DA:20,1
DA:23,1
DA:27,1
DA:28,0
DA:31,1
DA:39,1
LF:14
LH:13
BRDA:17,0,0,0
BRDA:17,0,1,2
BRDA:19,1,0,1
BRDA:19,1,1,1
BRDA:27,2,0,0
BRDA:27,2,1,1
BRF:6
BRH:4
end_of_record
TN:
SF:src/contexts/collaborator/useCases/updateCollaborator.useCase.ts
FN:8,(anonymous_0)
FN:10,(anonymous_1)
FNF:2
FNH:2
FNDA:3,(anonymous_0)
FNDA:4,(anonymous_1)
DA:7,1
DA:8,3
DA:15,4
DA:17,4
DA:18,1
DA:22,3
DA:23,1
DA:26,2
DA:27,2
DA:28,1
DA:31,2
DA:32,1
DA:35,1
DA:36,1
DA:38,1
LF:15
LH:15
BRDA:17,0,0,1
BRDA:17,0,1,3
BRDA:22,1,0,1
BRDA:22,1,1,2
BRDA:27,2,0,1
BRDA:27,2,1,1
BRDA:27,3,0,2
BRDA:27,3,1,2
BRDA:31,4,0,1
BRDA:31,4,1,1
BRDA:36,5,0,0
BRDA:36,5,1,1
BRF:12
BRH:11
end_of_record
TN:
SF:src/contexts/notification/useCases/getNotificacionsByUser.useCase.ts
FN:5,(anonymous_0)
FN:7,(anonymous_1)
FN:17,(anonymous_2)
FNF:3
FNH:3
FNDA:2,(anonymous_0)
FNDA:2,(anonymous_1)
FNDA:2,(anonymous_2)
DA:4,1
DA:5,2
DA:12,2
DA:15,2
DA:17,2
LF:5
LH:5
BRDA:12,0,0,2
BRDA:12,0,1,1
BRF:2
BRH:2
end_of_record
TN:
SF:src/contexts/notification/useCases/markNotificationAsRead.useCase.ts
FN:4,(anonymous_0)
FN:6,(anonymous_1)
FNF:2
FNH:2
FNDA:3,(anonymous_0)
FNDA:3,(anonymous_1)
DA:3,1
DA:4,3
DA:8,3
DA:10,3
DA:11,1
DA:15,2
DA:16,1
DA:19,1
LF:8
LH:8
BRDA:10,0,0,1
BRDA:10,0,1,2
BRDA:15,1,0,1
BRDA:15,1,1,1
BRF:4
BRH:4
end_of_record
TN:
SF:src/contexts/notification/useCases/sendNotification.useCase.ts
FN:9,(anonymous_0)
FN:11,(anonymous_1)
FNF:2
FNH:2
FNDA:1,(anonymous_0)
FNDA:1,(anonymous_1)
DA:1,1
DA:8,1
DA:9,1
DA:18,1
DA:28,1
DA:30,1
LF:6
LH:6
BRF:0
BRH:0
end_of_record
TN:
SF:src/contexts/product/useCases/createProduct.useCase.ts
FN:10,(anonymous_0)
FN:15,(anonymous_1)
FNF:2
FNH:2
FNDA:3,(anonymous_0)
FNDA:3,(anonymous_1)
DA:1,1
DA:9,1
DA:11,3
DA:12,3
DA:20,3
DA:24,3
DA:25,1
DA:29,2
DA:30,1
DA:36,1
DA:44,1
DA:46,1
LF:12
LH:12
BRDA:24,0,0,1
BRDA:24,0,1,2
BRDA:29,1,0,1
BRDA:29,1,1,1
BRF:4
BRH:4
end_of_record
TN:
SF:src/contexts/product/useCases/deleteProduct.useCase.ts
FN:6,(anonymous_0)
FN:11,(anonymous_1)
FNF:2
FNH:2
FNDA:4,(anonymous_0)
FNDA:4,(anonymous_1)
DA:5,1
DA:7,4
DA:8,4
DA:15,4
DA:17,4
DA:18,1
DA:22,3
DA:25,3
DA:26,1
DA:29,2
DA:30,2
DA:32,1
LF:12
LH:12
BRDA:17,0,0,1
BRDA:17,0,1,3
BRDA:25,1,0,1
BRDA:25,1,1,2
BRDA:25,2,0,3
BRDA:25,2,1,3
BRDA:30,3,0,1
BRDA:30,3,1,1
BRF:8
BRH:8
end_of_record
TN:
SF:src/contexts/product/useCases/getProduct.useCase.ts
FN:6,(anonymous_0)
FN:11,(anonymous_1)
FNF:2
FNH:2
FNDA:3,(anonymous_0)
FNDA:3,(anonymous_1)
DA:5,1
DA:7,3
DA:8,3
DA:15,3
DA:17,3
DA:18,1
DA:22,2
DA:26,2
DA:27,1
DA:30,1
LF:10
LH:10
BRDA:17,0,0,1
BRDA:17,0,1,2
BRDA:26,1,0,1
BRDA:26,1,1,1
BRDA:26,2,0,2
BRDA:26,2,1,2
BRF:6
BRH:6
end_of_record
TN:
SF:src/contexts/product/useCases/getProductsByQuotationRequestId.useCase.ts
FN:6,(anonymous_0)
FN:11,(anonymous_1)
FN:36,(anonymous_2)
FNF:3
FNH:3
FNDA:3,(anonymous_0)
FNDA:3,(anonymous_1)
FNDA:2,(anonymous_2)
DA:5,1
DA:7,3
DA:8,3
DA:17,3
DA:19,3
DA:20,1
DA:23,2
DA:24,1
DA:31,1
DA:36,2
LF:10
LH:10
BRDA:19,0,0,1
BRDA:19,0,1,2
BRDA:23,1,0,1
BRDA:23,1,1,1
BRF:4
BRH:4
end_of_record
TN:
SF:src/contexts/product/useCases/updateProduct.useCase.ts
FN:12,(anonymous_0)
FN:17,(anonymous_1)
FNF:2
FNH:2
FNDA:5,(anonymous_0)
FNDA:5,(anonymous_1)
DA:11,1
DA:13,5
DA:14,5
DA:22,5
DA:23,5
DA:24,1
DA:28,4
DA:31,4
DA:32,1
DA:35,3
DA:36,3
DA:38,3
DA:39,2
DA:40,2
DA:42,3
DA:43,1
DA:44,1
DA:46,3
DA:50,0
DA:51,0
DA:53,3
DA:57,0
DA:58,0
DA:61,3
DA:62,1
DA:65,2
DA:66,2
DA:68,1
LF:28
LH:24
BRDA:23,0,0,1
BRDA:23,0,1,4
BRDA:31,1,0,1
BRDA:31,1,1,3
BRDA:31,2,0,4
BRDA:31,2,1,4
BRDA:38,3,0,2
BRDA:38,3,1,1
BRDA:38,4,0,3
BRDA:38,4,1,3
BRDA:42,5,0,1
BRDA:42,5,1,2
BRDA:42,6,0,3
BRDA:42,6,1,2
BRDA:46,7,0,0
BRDA:46,7,1,3
BRDA:47,8,0,3
BRDA:47,8,1,0
BRDA:53,9,0,0
BRDA:53,9,1,3
BRDA:54,10,0,3
BRDA:54,10,1,0
BRDA:61,11,0,1
BRDA:61,11,1,2
BRDA:66,12,0,1
BRDA:66,12,1,1
BRF:26
BRH:22
end_of_record
TN:
SF:src/contexts/quotation/useCases/compareQuotations.useCase.ts
FN:7,(anonymous_0)
FN:12,(anonymous_1)
FN:46,(anonymous_2)
FNF:3
FNH:3
FNDA:3,(anonymous_0)
FNDA:3,(anonymous_1)
FNDA:2,(anonymous_2)
DA:6,1
DA:8,3
DA:9,3
DA:16,3
DA:20,3
DA:21,3
DA:22,1
DA:26,2
DA:29,2
DA:30,1
DA:32,1
DA:33,1
DA:35,1
DA:36,2
DA:37,2
DA:38,0
DA:41,1
DA:47,2
LF:18
LH:17
BRDA:16,0,0,3
BRDA:16,0,1,3
BRDA:21,1,0,1
BRDA:21,1,1,2
BRDA:21,2,0,3
BRDA:21,2,1,2
BRDA:29,3,0,1
BRDA:29,3,1,1
BRDA:36,4,0,1
BRDA:36,4,1,1
BRDA:37,5,0,0
BRDA:37,5,1,2
BRF:12
BRH:11
end_of_record
TN:
SF:src/contexts/quotation/useCases/createQuotation.useCase.ts
FN:15,(anonymous_0)
FN:23,(anonymous_1)
FN:95,(anonymous_2)
FNF:3
FNH:3
FNDA:6,(anonymous_0)
FNDA:6,(anonymous_1)
FNDA:1,(anonymous_2)
DA:1,1
DA:5,1
DA:12,1
DA:14,1
DA:16,6
DA:17,6
DA:18,6
DA:19,6
DA:20,6
DA:27,6
DA:30,6
DA:31,6
DA:33,5
DA:34,5
DA:36,4
DA:37,4
DA:42,4
DA:43,1
DA:47,3
DA:50,3
DA:53,2
DA:57,2
DA:58,1
DA:63,1
DA:74,1
DA:77,1
DA:78,1
DA:84,1
DA:92,1
DA:96,1
LF:30
LH:30
BRDA:27,0,0,6
BRDA:27,0,1,6
BRDA:31,1,0,1
BRDA:31,1,1,5
BRDA:31,2,0,6
BRDA:31,2,1,5
BRDA:34,3,0,1
BRDA:34,3,1,4
BRDA:36,4,0,4
BRDA:36,4,1,4
BRDA:42,5,0,1
BRDA:42,5,1,3
BRDA:50,6,0,1
BRDA:50,6,1,2
BRDA:57,7,0,1
BRDA:57,7,1,1
BRDA:69,8,0,1
BRDA:69,8,1,1
BRDA:77,9,0,1
BRDA:77,9,1,0
BRF:20
BRH:19
end_of_record
TN:
SF:src/contexts/quotation/useCases/deleteQuotation.useCase.ts
FN:6,(anonymous_0)
FN:8,(anonymous_1)
FN:25,(anonymous_2)
FNF:3
FNH:3
FNDA:3,(anonymous_0)
FNDA:3,(anonymous_1)
FNDA:1,(anonymous_2)
DA:5,1
DA:6,3
DA:12,3
DA:13,3
DA:15,3
DA:18,2
DA:19,1
DA:22,1
DA:23,1
DA:26,1
LF:10
LH:10
BRDA:12,0,0,3
BRDA:12,0,1,3
BRDA:15,1,0,1
BRDA:15,1,1,2
BRDA:18,2,0,1
BRDA:18,2,1,1
BRF:6
BRH:6
end_of_record
TN:
SF:src/contexts/quotation/useCases/getAllQuotationsByUserId.useCase.ts
FN:6,(anonymous_0)
FN:11,(anonymous_1)
FN:22,(anonymous_2)
FN:37,(anonymous_3)
FNF:4
FNH:4
FNDA:1,(anonymous_0)
FNDA:1,(anonymous_1)
FNDA:2,(anonymous_2)
FNDA:2,(anonymous_3)
DA:5,1
DA:7,1
DA:8,1
DA:16,1
DA:18,1
DA:21,1
DA:23,2
DA:26,2
DA:34,1
DA:38,2
LF:10
LH:10
BRDA:16,0,0,1
BRDA:16,0,1,1
BRDA:28,1,0,2
BRDA:28,1,1,1
BRF:4
BRH:4
end_of_record
TN:
SF:src/contexts/quotation/useCases/getQuotation.useCase.ts
FN:6,(anonymous_0)
FN:11,(anonymous_1)
FN:35,(anonymous_2)
FNF:3
FNH:3
FNDA:4,(anonymous_0)
FNDA:4,(anonymous_1)
FNDA:2,(anonymous_2)
DA:5,1
DA:7,4
DA:8,4
DA:15,4
DA:16,4
DA:17,4
DA:20,3
DA:25,3
DA:26,3
DA:28,3
DA:29,1
DA:32,2
DA:36,2
LF:13
LH:13
BRDA:15,0,0,4
BRDA:15,0,1,4
BRDA:17,1,0,1
BRDA:17,1,1,3
BRDA:28,2,0,1
BRDA:28,2,1,2
BRDA:28,3,0,3
BRDA:28,3,1,2
BRF:8
BRH:8
end_of_record
TN:
SF:src/contexts/quotation/useCases/getQuotationsByRequest.useCase.ts
FN:6,(anonymous_0)
FN:11,(anonymous_1)
FN:32,(anonymous_2)
FNF:3
FNH:3
FNDA:2,(anonymous_0)
FNDA:2,(anonymous_1)
FNDA:2,(anonymous_2)
DA:5,1
DA:7,2
DA:8,2
DA:15,2
DA:19,2
DA:21,2
DA:22,1
DA:28,1
DA:32,2
LF:9
LH:9
BRDA:15,0,0,2
BRDA:15,0,1,2
BRDA:21,1,0,1
BRDA:21,1,1,1
BRDA:21,2,0,2
BRDA:21,2,1,2
BRDA:32,3,0,1
BRDA:32,3,1,0
BRF:8
BRH:7
end_of_record
TN:
SF:src/contexts/quotation/useCases/getReceivedQuotationsByUserId.useCase.ts
FN:5,(anonymous_0)
FN:7,(anonymous_1)
FN:16,(anonymous_2)
FN:27,(anonymous_3)
FNF:4
FNH:4
FNDA:1,(anonymous_0)
FNDA:1,(anonymous_1)
FNDA:2,(anonymous_2)
FNDA:2,(anonymous_3)
DA:4,1
DA:5,1
DA:12,1
DA:14,1
DA:16,1
DA:18,2
DA:19,2
DA:28,2
LF:8
LH:8
BRDA:12,0,0,1
BRDA:12,0,1,1
BRDA:18,1,0,2
BRDA:18,1,1,1
BRF:4
BRH:4
end_of_record
TN:
SF:src/contexts/quotation/useCases/updateQuotation.useCase.ts
FN:11,(anonymous_0)
FN:13,(anonymous_1)
FNF:2
FNH:2
FNDA:5,(anonymous_0)
FNDA:5,(anonymous_1)
DA:10,1
DA:11,5
DA:18,5
DA:19,5
DA:20,5
DA:21,1
DA:24,4
DA:25,1
DA:28,3
DA:29,3
DA:32,3
DA:37,0
DA:38,0
DA:40,3
DA:41,2
DA:42,2
DA:44,3
DA:48,1
DA:49,1
DA:51,3
DA:55,0
DA:56,0
DA:58,3
DA:59,1
DA:60,1
DA:62,3
DA:63,0
DA:64,0
DA:67,3
DA:68,1
DA:70,2
DA:71,2
DA:73,1
LF:33
LH:27
BRDA:18,0,0,5
BRDA:18,0,1,5
BRDA:20,1,0,1
BRDA:20,1,1,4
BRDA:24,2,0,1
BRDA:24,2,1,3
BRDA:32,3,0,0
BRDA:32,3,1,3
BRDA:33,4,0,3
BRDA:33,4,1,1
BRDA:40,5,0,2
BRDA:40,5,1,1
BRDA:40,6,0,3
BRDA:40,6,1,3
BRDA:44,7,0,1
BRDA:44,7,1,2
BRDA:45,8,0,3
BRDA:45,8,1,1
BRDA:51,9,0,0
BRDA:51,9,1,3
BRDA:52,10,0,3
BRDA:52,10,1,1
BRDA:58,11,0,1
BRDA:58,11,1,2
BRDA:58,12,0,3
BRDA:58,12,1,1
BRDA:62,13,0,0
BRDA:62,13,1,3
BRDA:67,14,0,1
BRDA:67,14,1,2
BRDA:71,15,0,1
BRDA:71,15,1,1
BRF:32
BRH:29
end_of_record
TN:
SF:src/contexts/quotationRequest/useCases/closeQuotationRequest.useCase.ts
FN:9,(anonymous_0)
FN:15,(anonymous_1)
FNF:2
FNH:2
FNDA:6,(anonymous_0)
FNDA:7,(anonymous_1)
DA:1,1
DA:5,1
DA:6,1
DA:8,1
DA:10,6
DA:11,6
DA:12,6
DA:21,7
DA:23,7
DA:24,2
DA:30,5
DA:31,1
DA:33,4
DA:34,1
DA:39,3
DA:40,3
DA:41,1
DA:45,2
DA:46,1
DA:52,1
DA:57,1
DA:58,1
DA:59,3
DA:60,1
DA:62,2
DA:67,1
DA:68,1
DA:76,0
LF:28
LH:27
BRDA:23,0,0,2
BRDA:23,0,1,5
BRDA:23,1,0,7
BRDA:23,1,1,6
BRDA:30,2,0,1
BRDA:30,2,1,4
BRDA:33,3,0,1
BRDA:33,3,1,3
BRDA:40,4,0,1
BRDA:40,4,1,2
BRDA:45,5,0,1
BRDA:45,5,1,1
BRDA:59,6,0,1
BRDA:59,6,1,2
BRF:14
BRH:14
end_of_record
TN:
SF:src/contexts/quotationRequest/useCases/deleteQuotationRequest.useCase.ts
FN:5,(anonymous_0)
FN:7,(anonymous_1)
FNF:2
FNH:2
FNDA:3,(anonymous_0)
FNDA:3,(anonymous_1)
DA:4,1
DA:5,3
DA:11,3
DA:12,3
DA:14,3
DA:15,1
DA:21,2
DA:22,1
DA:25,1
DA:27,1
LF:10
LH:10
BRDA:11,0,0,3
BRDA:11,0,1,3
BRDA:14,1,0,1
BRDA:14,1,1,2
BRDA:21,2,0,1
BRDA:21,2,1,1
BRF:6
BRH:6
end_of_record
TN:
SF:src/contexts/quotationRequest/useCases/getAllQuotationRequestsByUserId.useCase.ts
FN:5,(anonymous_0)
FN:7,(anonymous_1)
FN:24,(anonymous_2)
FN:33,(anonymous_3)
FNF:4
FNH:4
FNDA:1,(anonymous_0)
FNDA:1,(anonymous_1)
FNDA:1,(anonymous_2)
FNDA:1,(anonymous_3)
DA:4,1
DA:5,1
DA:12,1
DA:15,1
DA:20,1
DA:24,1
DA:33,1
LF:7
LH:7
BRDA:12,0,0,1
BRDA:12,0,1,1
BRDA:24,1,0,1
BRDA:24,1,1,0
BRF:4
BRH:3
end_of_record
TN:
SF:src/contexts/quotationRequest/useCases/getPublicQuotationRequests.useCase.ts
FN:8,(anonymous_0)
FN:15,(anonymous_1)
FN:32,(anonymous_2)
FN:67,(anonymous_3)
FNF:4
FNH:3
FNDA:2,(anonymous_0)
FNDA:2,(anonymous_1)
FNDA:2,(anonymous_2)
FNDA:0,(anonymous_3)
DA:7,1
DA:9,2
DA:10,2
DA:11,2
DA:12,2
DA:19,2
DA:22,2
DA:26,2
DA:31,2
DA:33,2
DA:35,2
DA:36,1
DA:37,1
DA:38,1
DA:39,1
DA:41,0
DA:43,1
DA:48,1
DA:49,1
DA:50,1
DA:51,1
DA:52,0
DA:53,0
DA:57,2
DA:67,0
LF:25
LH:21
BRDA:19,0,0,2
BRDA:19,0,1,2
BRDA:32,1,0,2
BRDA:32,1,1,0
BRDA:35,2,0,1
BRDA:35,2,1,1
BRDA:35,3,0,2
BRDA:35,3,1,1
BRDA:38,4,0,1
BRDA:38,4,1,0
BRDA:38,5,0,1
BRDA:38,5,1,1
BRDA:39,6,0,1
BRDA:39,6,1,0
BRDA:43,7,0,1
BRDA:43,7,1,0
BRDA:50,8,0,1
BRDA:50,8,1,0
BRDA:50,9,0,1
BRDA:50,9,1,1
BRDA:51,10,0,1
BRDA:51,10,1,0
BRDA:52,11,0,0
BRDA:52,11,1,0
BRF:24
BRH:16
end_of_record
TN:
SF:src/contexts/quotationRequest/useCases/getQuotationRequest.useCase.ts
FN:11,(anonymous_0)
FN:19,(anonymous_1)
FN:64,(anonymous_2)
FN:101,(anonymous_3)
FNF:4
FNH:3
FNDA:5,(anonymous_0)
FNDA:5,(anonymous_1)
FNDA:3,(anonymous_2)
FNDA:0,(anonymous_3)
DA:1,1
DA:10,1
DA:12,5
DA:13,5
DA:14,5
DA:15,5
DA:16,5
DA:23,5
DA:26,5
DA:33,5
DA:35,5
DA:36,1
DA:39,4
DA:41,4
DA:43,4
DA:45,4
DA:48,2
DA:52,2
DA:53,1
DA:57,4
DA:58,1
DA:61,3
DA:67,3
DA:69,3
DA:70,0
DA:71,0
DA:72,0
DA:73,0
DA:75,0
DA:77,3
DA:82,0
DA:83,0
DA:84,0
DA:85,0
DA:86,0
DA:87,0
DA:91,3
DA:101,0
LF:38
LH:26
BRDA:23,0,0,5
BRDA:23,0,1,5
BRDA:35,1,0,1
BRDA:35,1,1,4
BRDA:41,2,0,4
BRDA:41,2,1,3
BRDA:45,3,0,2
BRDA:45,3,1,2
BRDA:45,4,0,4
BRDA:45,4,1,3
BRDA:52,5,0,1
BRDA:52,5,1,1
BRDA:57,6,0,1
BRDA:57,6,1,3
BRDA:57,7,0,4
BRDA:57,7,1,3
BRDA:57,7,2,2
BRDA:69,8,0,0
BRDA:69,8,1,3
BRDA:69,9,0,3
BRDA:69,9,1,3
BRDA:72,10,0,0
BRDA:72,10,1,0
BRDA:72,11,0,0
BRDA:72,11,1,0
BRDA:73,12,0,0
BRDA:73,12,1,0
BRDA:77,13,0,0
BRDA:77,13,1,3
BRDA:84,14,0,0
BRDA:84,14,1,0
BRDA:84,15,0,0
BRDA:84,15,1,0
BRDA:85,16,0,0
BRDA:85,16,1,0
BRDA:86,17,0,0
BRDA:86,17,1,0
BRF:37
BRH:21
end_of_record
TN:
SF:src/contexts/quotationRequest/useCases/registerQuotationRequest.useCase.ts
FN:14,(anonymous_0)
FN:20,(anonymous_1)
FN:59,(anonymous_2)
FN:69,(anonymous_3)
FNF:4
FNH:3
FNDA:5,(anonymous_0)
FNDA:5,(anonymous_1)
FNDA:2,(anonymous_2)
FNDA:0,(anonymous_3)
DA:1,1
DA:13,1
DA:15,5
DA:16,5
DA:17,5
DA:25,5
DA:27,5
DA:28,5
DA:30,4
DA:31,4
DA:33,3
DA:34,3
DA:39,3
DA:40,1
DA:43,2
DA:46,2
DA:55,2
DA:56,2
DA:60,2
DA:69,0
LF:20
LH:19
BRDA:25,0,0,5
BRDA:25,0,1,4
BRDA:28,1,0,1
BRDA:28,1,1,4
BRDA:28,2,0,5
BRDA:28,2,1,4
BRDA:31,3,0,1
BRDA:31,3,1,3
BRDA:33,4,0,3
BRDA:33,4,1,3
BRDA:39,5,0,1
BRDA:39,5,1,2
BRDA:48,6,0,2
BRDA:48,6,1,0
BRDA:50,7,0,2
BRDA:50,7,1,0
BRF:16
BRH:14
end_of_record
TN:
SF:src/contexts/quotationRequest/useCases/searchQuotationRequestsByTitle.useCase.ts
FN:5,(anonymous_0)
FN:7,(anonymous_1)
FN:25,(anonymous_2)
FN:34,(anonymous_3)
FNF:4
FNH:3
FNDA:2,(anonymous_0)
FNDA:2,(anonymous_1)
FNDA:1,(anonymous_2)
FNDA:0,(anonymous_3)
DA:4,1
DA:5,2
DA:11,2
DA:13,1
DA:16,1
DA:20,1
DA:25,1
DA:34,0
LF:8
LH:7
BRDA:11,0,0,1
BRDA:11,0,1,1
BRDA:11,1,0,2
BRDA:11,1,1,2
BRDA:13,2,0,1
BRDA:13,2,1,0
BRDA:25,3,0,1
BRDA:25,3,1,0
BRF:8
BRH:6
end_of_record
TN:
SF:src/contexts/quotationRequest/useCases/updateQuotationRequest.useCase.ts
FN:12,(anonymous_0)
FN:14,(anonymous_1)
FN:68,(anonymous_2)
FN:78,(anonymous_3)
FNF:4
FNH:3
FNDA:3,(anonymous_0)
FNDA:4,(anonymous_1)
FNDA:2,(anonymous_2)
FNDA:0,(anonymous_3)
DA:11,1
DA:12,3
DA:19,4
DA:20,4
DA:23,4
DA:24,2
DA:29,2
DA:30,2
DA:32,2
DA:33,1
DA:34,1
DA:36,2
DA:37,0
DA:38,0
DA:40,2
DA:41,0
DA:42,0
DA:44,2
DA:45,0
DA:46,0
DA:47,0
DA:48,0
DA:51,2
DA:52,1
DA:53,1
DA:56,2
DA:57,1
DA:60,1
DA:64,1
DA:66,1
DA:69,2
DA:78,0
LF:32
LH:23
BRDA:19,0,0,4
BRDA:19,0,1,4
BRDA:23,1,0,2
BRDA:23,1,1,2
BRDA:23,2,0,4
BRDA:23,2,1,3
BRDA:32,3,0,1
BRDA:32,3,1,1
BRDA:32,4,0,2
BRDA:32,4,1,2
BRDA:36,5,0,0
BRDA:36,5,1,2
BRDA:36,6,0,2
BRDA:36,6,1,0
BRDA:40,7,0,0
BRDA:40,7,1,2
BRDA:40,8,0,2
BRDA:40,8,1,0
BRDA:44,9,0,0
BRDA:44,9,1,2
BRDA:46,10,0,0
BRDA:46,10,1,0
BRDA:51,11,0,1
BRDA:51,11,1,1
BRDA:51,12,0,2
BRDA:51,12,1,1
BRDA:56,13,0,1
BRDA:56,13,1,1
BRDA:64,14,0,0
BRDA:64,14,1,1
BRF:30
BRH:22
end_of_record
TN:
SF:src/contexts/subscription/useCases/checkPlanExpiration.useCase.ts
FN:9,(anonymous_0)
FN:16,(anonymous_1)
FNF:2
FNH:2
FNDA:5,(anonymous_0)
FNDA:6,(anonymous_1)
DA:3,1
DA:6,1
DA:8,1
DA:10,5
DA:11,5
DA:12,5
DA:13,5
DA:17,6
DA:20,6
DA:22,4
DA:25,4
DA:27,3
DA:28,3
DA:31,3
DA:36,3
DA:42,3
DA:43,3
DA:44,3
DA:47,3
DA:48,2
DA:50,2
DA:56,2
DA:57,1
DA:68,3
DA:69,1
DA:71,1
DA:73,1
DA:75,1
DA:83,1
LF:29
LH:29
BRDA:20,0,0,2
BRDA:20,0,1,4
BRDA:20,1,0,6
BRDA:20,1,1,5
BRDA:20,1,2,4
BRDA:25,2,0,1
BRDA:25,2,1,3
BRDA:25,3,0,4
BRDA:25,3,1,4
BRDA:47,4,0,2
BRDA:47,4,1,1
BRDA:47,5,0,3
BRDA:47,5,1,3
BRDA:56,6,0,1
BRDA:56,6,1,1
BRDA:68,7,0,1
BRDA:68,7,1,2
BRDA:71,8,0,1
BRDA:71,8,1,0
BRDA:71,9,0,1
BRDA:71,9,1,1
BRF:21
BRH:20
end_of_record
TN:
SF:src/contexts/subscription/useCases/getAllPlans.useCase.ts
FN:8,(anonymous_0)
FN:10,(anonymous_1)
FN:15,(anonymous_2)
FN:16,(anonymous_3)
FNF:4
FNH:4
FNDA:1,(anonymous_0)
FNDA:1,(anonymous_1)
FNDA:1,(anonymous_2)
FNDA:2,(anonymous_3)
DA:2,1
DA:7,1
DA:8,1
DA:11,1
DA:14,1
DA:15,1
DA:16,2
LF:7
LH:7
BRF:0
BRH:0
end_of_record
TN:
SF:src/contexts/subscription/useCases/initializePayment.useCase.ts
FN:13,(anonymous_0)
FN:18,(anonymous_1)
FNF:2
FNH:2
FNDA:2,(anonymous_0)
FNDA:2,(anonymous_1)
DA:1,1
DA:4,1
DA:8,1
DA:9,1
DA:12,1
DA:14,2
DA:15,2
DA:23,2
DA:24,2
DA:25,1
DA:29,1
DA:30,1
DA:31,1
DA:32,1
DA:35,1
DA:43,1
DA:51,1
DA:54,1
LF:18
LH:18
BRDA:24,0,0,1
BRDA:24,0,1,1
BRF:2
BRH:2
end_of_record
TN:
SF:src/contexts/subscription/useCases/seedPlans.useCase.ts
FN:6,(anonymous_0)
FN:7,(anonymous_1)
FNF:2
FNH:2
FNDA:2,(anonymous_0)
FNDA:2,(anonymous_1)
DA:1,1
DA:3,1
DA:5,1
DA:6,2
DA:8,2
DA:9,2
DA:10,1
DA:12,1
DA:17,1
DA:18,3
LF:10
LH:10
BRDA:9,0,0,1
BRDA:9,0,1,1
BRF:2
BRH:2
end_of_record
TN:
SF:src/contexts/subscription/useCases/updatePaymentStatus.useCase.ts
FN:9,(anonymous_0)
FN:14,(anonymous_1)
FNF:2
FNH:2
FNDA:5,(anonymous_0)
FNDA:5,(anonymous_1)
DA:1,1
DA:8,1
DA:10,5
DA:11,5
DA:20,5
DA:22,5
DA:23,1
DA:28,4
DA:31,4
DA:32,1
DA:35,1
DA:38,3
DA:40,3
DA:42,1
DA:50,1
DA:55,1
DA:61,2
DA:65,2
DA:67,2
DA:68,2
LF:20
LH:20
BRDA:22,0,0,1
BRDA:22,0,1,4
BRDA:31,1,0,1
BRDA:31,1,1,3
BRDA:40,2,0,1
BRDA:40,2,1,2
BRDA:61,3,0,1
BRDA:61,3,1,1
BRF:8
BRH:8
end_of_record
TN:
SF:src/contexts/user/useCases/deleteUser.useCase.ts
FN:4,(anonymous_0)
FN:10,(anonymous_1)
FNF:2
FNH:2
FNDA:2,(anonymous_0)
FNDA:2,(anonymous_1)
DA:3,1
DA:4,2
DA:12,2
DA:15,2
DA:16,1
DA:22,1
LF:6
LH:6
BRDA:15,0,0,1
BRDA:15,0,1,1
BRF:2
BRH:2
end_of_record
TN:
SF:src/contexts/user/useCases/getUser.useCase.ts
FN:5,(anonymous_0)
FN:7,(anonymous_1)
FNF:2
FNH:2
FNDA:2,(anonymous_0)
FNDA:2,(anonymous_1)
DA:2,1
DA:4,1
DA:5,2
DA:8,2
DA:10,2
DA:11,1
DA:15,1
LF:7
LH:7
BRDA:10,0,0,1
BRDA:10,0,1,1
BRF:2
BRH:2
end_of_record
TN:
SF:src/contexts/user/useCases/loginUser.useCase.ts
FN:10,(anonymous_0)
FN:17,(anonymous_1)
FNF:2
FNH:2
FNDA:4,(anonymous_0)
FNDA:4,(anonymous_1)
DA:4,1
DA:6,1
DA:7,1
DA:9,1
DA:11,4
DA:12,4
DA:13,4
DA:14,4
DA:21,4
DA:23,4
DA:24,1
DA:29,3
DA:34,3
DA:35,1
DA:41,2
DA:42,2
DA:45,2
DA:46,2
DA:47,2
DA:48,1
DA:49,1
DA:54,2
DA:68,2
LF:23
LH:23
BRDA:23,0,0,1
BRDA:23,0,1,3
BRDA:34,1,0,1
BRDA:34,1,1,2
BRDA:41,2,0,2
BRDA:41,2,1,1
BRDA:42,3,0,2
BRDA:42,3,1,2
BRDA:45,4,0,2
BRDA:45,4,1,0
BRDA:47,5,0,1
BRDA:47,5,1,1
BRDA:47,6,0,2
BRDA:47,6,1,1
BRF:14
BRH:13
end_of_record
TN:
SF:src/contexts/user/useCases/registerUser.useCase.ts
FN:17,(anonymous_0)
FN:25,(anonymous_1)
FNF:2
FNH:2
FNDA:2,(anonymous_0)
FNDA:2,(anonymous_1)
DA:1,1
DA:3,1
DA:11,1
DA:12,1
DA:14,1
DA:16,1
DA:18,2
DA:19,2
DA:20,2
DA:21,2
DA:22,2
DA:29,2
DA:32,2
DA:33,0
DA:38,2
DA:39,2
DA:40,1
DA:45,1
DA:47,1
DA:48,0
DA:51,1
DA:52,0
DA:58,1
DA:59,1
DA:61,1
DA:62,1
DA:63,0
DA:64,0
DA:69,1
DA:70,1
DA:71,1
DA:72,1
DA:73,0
DA:75,1
DA:79,1
DA:82,1
DA:97,1
DA:100,1
DA:115,1
LF:39
LH:33
BRDA:32,0,0,0
BRDA:32,0,1,2
BRDA:39,1,0,1
BRDA:39,1,1,1
BRDA:47,2,0,0
BRDA:47,2,1,1
BRDA:51,3,0,0
BRDA:51,3,1,1
BRDA:62,4,0,0
BRDA:62,4,1,1
BRDA:62,5,0,1
BRDA:62,5,1,0
BRDA:70,6,0,1
BRDA:70,6,1,0
BRDA:72,7,0,0
BRDA:72,7,1,1
BRDA:92,8,0,1
BRDA:92,8,1,0
BRF:18
BRH:10
end_of_record
TN:
SF:src/contexts/user/useCases/updateUser.useCase.ts
FN:14,(anonymous_0)
FN:19,(anonymous_1)
FNF:2
FNH:2
FNDA:8,(anonymous_0)
FNDA:8,(anonymous_1)
DA:6,1
DA:11,1
DA:13,1
DA:15,8
DA:16,8
DA:24,8
DA:25,8
DA:27,7
DA:28,7
DA:31,7
DA:32,2
DA:33,2
DA:35,7
DA:36,1
DA:37,1
DA:41,7
DA:42,7
DA:45,7
DA:46,3
DA:48,3
DA:49,1
DA:52,2
DA:53,1
DA:59,1
DA:63,1
DA:64,1
DA:66,1
DA:67,1
DA:68,1
DA:74,5
DA:75,2
DA:80,2
DA:81,1
DA:86,1
DA:87,1
DA:91,4
DA:92,1
DA:95,3
DA:100,3
DA:101,1
DA:104,2
LF:41
LH:41
BRDA:25,0,0,1
BRDA:25,0,1,7
BRDA:31,1,0,2
BRDA:31,1,1,5
BRDA:31,2,0,7
BRDA:31,2,1,3
BRDA:35,3,0,1
BRDA:35,3,1,6
BRDA:35,4,0,7
BRDA:35,4,1,2
BRDA:41,5,0,7
BRDA:41,5,1,4
BRDA:42,6,0,7
BRDA:42,6,1,4
BRDA:45,7,0,3
BRDA:45,7,1,4
BRDA:45,8,0,7
BRDA:45,8,1,4
BRDA:48,9,0,1
BRDA:48,9,1,2
BRDA:52,10,0,1
BRDA:52,10,1,1
BRDA:59,11,0,1
BRDA:59,11,1,0
BRDA:60,12,0,1
BRDA:60,12,1,1
BRDA:66,13,0,1
BRDA:66,13,1,0
BRDA:66,14,0,1
BRDA:66,14,1,1
BRDA:74,15,0,2
BRDA:74,15,1,3
BRDA:74,16,0,5
BRDA:74,16,1,2
BRDA:80,17,0,1
BRDA:80,17,1,1
BRDA:91,18,0,1
BRDA:91,18,1,3
BRDA:100,19,0,1
BRDA:100,19,1,2
BRF:40
BRH:38
end_of_record
